<?xml version="1.0" encoding="UTF-8"?>
<!-- Generated by org.testng.reporters.JUnitXMLReporter -->
<testsuite hostname="DESKTOP-N1269UI" failures="0" tests="4" name="Default test" time="9.28" errors="0" timestamp="24 Aug 2023 14:06:19 GMT">
  <testcase classname="api.test.UserTests" name="test_postUser" time="2.838"/>
  <testcase classname="api.test.UserTests" name="test_getUserByName" time="2.065"/>
  <testcase classname="api.test.UserTests" name="test_updateUserByName" time="2.69"/>
  <testcase classname="api.test.UserTests" name="test_deleteUserByName" time="1.474"/>
</testsuite> <!-- Default test -->
