<?xml version="1.0" encoding="UTF-8"?>
<!-- Generated by org.testng.reporters.JUnitXMLReporter -->
<testsuite hostname="DESKTOP-N1269UI" failures="0" tests="4" name="Test" time="10.114" errors="0" timestamp="28 Aug 2023 05:19:43 GMT">
  <testcase classname="api.test.UserTests2" name="test_postUser" time="3.498"/>
  <testcase classname="api.test.UserTests2" name="test_getUserByName" time="1.508"/>
  <testcase classname="api.test.UserTests2" name="test_updateUserByName" time="3.172"/>
  <testcase classname="api.test.UserTests2" name="test_deleteUserByName" time="1.637"/>
</testsuite> <!-- Test -->
