<?xml version="1.0" encoding="UTF-8"?>
<testsuite xmlns:xsi="http://www.w3.org/2001/XMLSchema-instance" xsi:noNamespaceSchemaLocation="https://maven.apache.org/surefire/maven-surefire-plugin/xsd/surefire-test-report-3.0.xsd" version="3.0" name="TestSuite" time="11.583" tests="4" errors="0" skipped="0" failures="0">
  <properties>
[...]
</properties>
  <testcase name="test_postUser" classname="api.test.UserTests2" time="3.504">
    <system-out><![CDATA[HTTP/1.1 200 OK
Date: Mon, 28 Aug 2023 05:19:38 GMT
Content-Type: application/json
Transfer-Encoding: chunked
Connection: keep-alive
Access-Control-Allow-Origin: *
Access-Control-Allow-Methods: GET, POST, DELETE, PUT
Access-Control-Allow-Headers: Content-Type, api_key, Authorization
Server: Jetty(9.2.9.v20150224)

{
    "code": 200,
    "type": "unknown",
    "message": "1166203398"
}
]]></system-out>
    <system-err><![CDATA[SLF4J: Failed to load class "org.slf4j.impl.StaticLoggerBinder".
SLF4J: Defaulting to no-operation (NOP) logger implementation
SLF4J: See http://www.slf4j.org/codes.html#StaticLoggerBinder for further details.
]]></system-err>
  </testcase>
  <testcase name="test_getUserByName" classname="api.test.UserTests2" time="1.501">
    <system-out><![CDATA[HTTP/1.1 200 OK
Date: Mon, 28 Aug 2023 05:19:40 GMT
Content-Type: application/json
Transfer-Encoding: chunked
Connection: keep-alive
Access-Control-Allow-Origin: *
Access-Control-Allow-Methods: GET, POST, DELETE, PUT
Access-Control-Allow-Headers: Content-Type, api_key, Authorization
Server: Jetty(9.2.9.v20150224)

{
    "id": 1166203398,
    "username": "brahmabrata.naik",
    "firstName": "Shivakari",
    "lastName": "annapurna.khanna@example.com",
    "password": "labw0o84",
    "phone": "1-349-194-0075",
    "userStatus": 0
}
]]></system-out>
  </testcase>
  <testcase name="test_updateUserByName" classname="api.test.UserTests2" time="3.166">
    <system-out><![CDATA[HTTP/1.1 200 OK
Date: Mon, 28 Aug 2023 05:19:41 GMT
Content-Type: application/json
Transfer-Encoding: chunked
Connection: keep-alive
Access-Control-Allow-Origin: *
Access-Control-Allow-Methods: GET, POST, DELETE, PUT
Access-Control-Allow-Headers: Content-Type, api_key, Authorization
Server: Jetty(9.2.9.v20150224)

{
    "code": 200,
    "type": "unknown",
    "message": "1166203398"
}
HTTP/1.1 200 OK
Date: Mon, 28 Aug 2023 05:19:43 GMT
Content-Type: application/json
Transfer-Encoding: chunked
Connection: keep-alive
Access-Control-Allow-Origin: *
Access-Control-Allow-Methods: GET, POST, DELETE, PUT
Access-Control-Allow-Headers: Content-Type, api_key, Authorization
Server: Jetty(9.2.9.v20150224)

{
    "id": 1166203398,
    "username": "brahmabrata.naik",
    "firstName": "Aatmaja",
    "lastName": "aanandaswarup.abbott@example.com",
    "password": "labw0o84",
    "phone": "1-349-194-0075",
    "userStatus": 0
}
]]></system-out>
  </testcase>
  <testcase name="test_deleteUserByName" classname="api.test.UserTests2" time="1.638">
    <system-out><![CDATA[HTTP/1.1 200 OK
Date: Mon, 28 Aug 2023 05:19:45 GMT
Content-Type: application/json
Transfer-Encoding: chunked
Connection: keep-alive
Access-Control-Allow-Origin: *
Access-Control-Allow-Methods: GET, POST, DELETE, PUT
Access-Control-Allow-Headers: Content-Type, api_key, Authorization
Server: Jetty(9.2.9.v20150224)

{
    "code": 200,
    "type": "unknown",
    "message": "brahmabrata.naik"
}
]]></system-out>
  </testcase>
</testsuite>